<?xml version="1.0" encoding="UTF-8"?>
<testsuites name="Offer Tests" time="175" tests="6" failures="0" errors="0">
   <testsuite name="Offer Tests" tests="6" failures="0" errors="0" time="175" timestamp="2018-11-21 10:23:29" hostname="Matt Martin - LAPTOP-9VMM7G2Q" id="Test Suites/Offer Tests">
      <properties>
         <property name="deviceName" value=""/>
         <property name="devicePlatform" value=""/>
         <property name="logFolder" value="C:\\Users\\Matt Martin\\Katalon Studio\\Matt Demo Tests\\Reports\\Offer Tests\\20181121_102325"/>
         <property name="logFiles" value="C:\\Users\\Matt Martin\\Katalon Studio\\Matt Demo Tests\\Reports\\Offer Tests\\20181121_102325\\execution0.log"/>
         <property name="attachments" value=""/>
         <property name="hostName" value="Matt Martin - LAPTOP-9VMM7G2Q"/>
         <property name="os" value="Windows 10 64bit"/>
         <property name="katalonVersion" value="5.8.6.1"/>
         <property name="browser" value="Chrome 70.0.3538.102"/>
         <property name="hostAddress" value="192.168.132.61"/>
         <property name="sessionId" value="7ceb15459b9d2e55248cbaa008cf300e"/>
         <property name="seleniumVersion" value="3.7.1"/>
         <property name="proxyInformation" value="ProxyInformation{proxyOption=NO_PROXY, proxyServerType=HTTP, password=, proxyServerAddress=, proxyServerPort=0}"/>
         <property name="platform" value="Windows 10"/>
      </properties>
      <testcase name="Test Cases/Offer ID 392 - Regression-Standard-Trial" classname="Test Cases/Offer ID 392 - Regression-Standard-Trial" status="PASSED">
         <system-out><![CDATA[2018-11-21 10:23:30 - [TEST_CASE][PASSED] - Test Cases/Offer ID 392 - Regression-Standard-Trial: Test Cases/Offer ID 392 - Regression-Standard-Trial

2018-11-21 10:23:30 - [TEST_STEP][PASSED] - openBrowser: Browser is opened with url: 'https://test-dnvb.qa1.limelightcrm.com/admin/login.php?'

2018-11-21 10:23:36 - [MESSAGE][PASSED] - Browser is opened with url: 'https://test-dnvb.qa1.limelightcrm.com/admin/login.php?'

2018-11-21 10:23:36 - [TEST_STEP][PASSED] - setText: Text 'mattauto' is set on object 'Object Repository/LL - Log In/Username Field'

2018-11-21 10:23:37 - [MESSAGE][PASSED] - Text 'mattauto' is set on object 'Object Repository/LL - Log In/Username Field'

2018-11-21 10:23:37 - [TEST_STEP][PASSED] - setText: Text 'Testing123!' is set on object 'Object Repository/LL - Log In/Password Field'

2018-11-21 10:23:37 - [MESSAGE][PASSED] - Text 'Testing123!' is set on object 'Object Repository/LL - Log In/Password Field'

2018-11-21 10:23:37 - [TEST_STEP][PASSED] - click: Object: 'Object Repository/LL - Log In/Log In Button' is clicked on

2018-11-21 10:23:41 - [MESSAGE][PASSED] - Object: 'Object Repository/LL - Log In/Log In Button' is clicked on

2018-11-21 10:23:41 - [TEST_STEP][PASSED] - waitForElementVisible: Object 'Object Repository/LL - Dashboard/Dashboard Header' is visible

2018-11-21 10:23:41 - [MESSAGE][WARNING] - Timeout '0' is invalid. Using default page load timeout: '30'

2018-11-21 10:23:41 - [MESSAGE][PASSED] - Object 'Object Repository/LL - Dashboard/Dashboard Header' is visible

2018-11-21 10:23:41 - [TEST_STEP][PASSED] - navigateToUrl: Navigate to 'https://test-dnvb.qa1.limelightcrm.com/admin/placeorder.php' successfully

2018-11-21 10:23:43 - [MESSAGE][PASSED] - Navigate to 'https://test-dnvb.qa1.limelightcrm.com/admin/placeorder.php' successfully

2018-11-21 10:23:43 - [TEST_STEP][PASSED] - selectOptionByValue: All options with value '137' are selected in object 'Object Repository/LL -Place Order Page/Campaign Select' 

2018-11-21 10:23:44 - [MESSAGE][PASSED] - All options with value '137' are selected in object 'Object Repository/LL -Place Order Page/Campaign Select' 

2018-11-21 10:23:44 - [TEST_STEP][PASSED] - selectOptionByValue: All options with value '392' are selected in object 'Object Repository/LL -Place Order Page/Offer Select' 

2018-11-21 10:23:45 - [MESSAGE][PASSED] - All options with value '392' are selected in object 'Object Repository/LL -Place Order Page/Offer Select' 

2018-11-21 10:23:45 - [TEST_STEP][PASSED] - delay: Delayed 3 second(s)

2018-11-21 10:23:48 - [MESSAGE][PASSED] - Delayed 3 second(s)

2018-11-21 10:23:48 - [TEST_STEP][PASSED] - waitForElementVisible: Object 'Object Repository/LL -Place Order Page/Trial Product Select' is visible

2018-11-21 10:23:48 - [MESSAGE][PASSED] - Object 'Object Repository/LL -Place Order Page/Trial Product Select' is visible

2018-11-21 10:23:48 - [TEST_STEP][PASSED] - selectOptionByValue: All options with value '207' are selected in object 'Object Repository/LL -Place Order Page/Trial Product Select' 

2018-11-21 10:23:48 - [MESSAGE][PASSED] - All options with value '207' are selected in object 'Object Repository/LL -Place Order Page/Trial Product Select' 

2018-11-21 10:23:48 - [TEST_STEP][PASSED] - selectOptionByValue: All options with value '240' are selected in object 'Object Repository/LL -Place Order Page/Billing Model Select' 

2018-11-21 10:23:48 - [MESSAGE][PASSED] - All options with value '240' are selected in object 'Object Repository/LL -Place Order Page/Billing Model Select' 

2018-11-21 10:23:48 - [TEST_STEP][PASSED] - selectOptionByValue: All options with value '207' are selected in object 'Object Repository/LL -Place Order Page/Main Product Select' 

2018-11-21 10:23:49 - [MESSAGE][PASSED] - All options with value '207' are selected in object 'Object Repository/LL -Place Order Page/Main Product Select' 

2018-11-21 10:23:49 - [TEST_STEP][PASSED] - setText: Text '123456789' is set on object 'Object Repository/LL -Place Order Page/Step Number Input'

2018-11-21 10:23:49 - [MESSAGE][PASSED] - Text '123456789' is set on object 'Object Repository/LL -Place Order Page/Step Number Input'

2018-11-21 10:23:49 - [TEST_STEP][PASSED] - selectOptionByValue: All options with value '2' are selected in object 'Object Repository/LL -Place Order Page/Shipping Method Select' 

2018-11-21 10:23:49 - [MESSAGE][PASSED] - All options with value '2' are selected in object 'Object Repository/LL -Place Order Page/Shipping Method Select' 

2018-11-21 10:23:49 - [TEST_STEP][PASSED] - setText: Text 'Matt' is set on object 'Object Repository/LL -Place Order Page/Shipping First Name Input'

2018-11-21 10:23:50 - [MESSAGE][PASSED] - Text 'Matt' is set on object 'Object Repository/LL -Place Order Page/Shipping First Name Input'

2018-11-21 10:23:50 - [TEST_STEP][PASSED] - setText: Text '7.4-Test' is set on object 'Object Repository/LL -Place Order Page/Shipping Last Name Input'

2018-11-21 10:23:50 - [MESSAGE][PASSED] - Text '7.4-Test' is set on object 'Object Repository/LL -Place Order Page/Shipping Last Name Input'

2018-11-21 10:23:50 - [TEST_STEP][PASSED] - setText: Text '123 Street' is set on object 'Object Repository/LL -Place Order Page/Shipping Address Input'

2018-11-21 10:23:50 - [MESSAGE][PASSED] - Text '123 Street' is set on object 'Object Repository/LL -Place Order Page/Shipping Address Input'

2018-11-21 10:23:50 - [TEST_STEP][PASSED] - setText: Text 'APT 123' is set on object 'Object Repository/LL -Place Order Page/Shipping Address 2 Input'

2018-11-21 10:23:51 - [MESSAGE][PASSED] - Text 'APT 123' is set on object 'Object Repository/LL -Place Order Page/Shipping Address 2 Input'

2018-11-21 10:23:51 - [TEST_STEP][PASSED] - setText: Text 'Tampa' is set on object 'Object Repository/LL -Place Order Page/Shipping City Input'

2018-11-21 10:23:51 - [MESSAGE][PASSED] - Text 'Tampa' is set on object 'Object Repository/LL -Place Order Page/Shipping City Input'

2018-11-21 10:23:51 - [TEST_STEP][PASSED] - setText: Text '12345' is set on object 'Object Repository/LL -Place Order Page/Shipping Zip Code Input'

2018-11-21 10:23:51 - [MESSAGE][PASSED] - Text '12345' is set on object 'Object Repository/LL -Place Order Page/Shipping Zip Code Input'

2018-11-21 10:23:51 - [TEST_STEP][PASSED] - selectOptionByValue: All options with value '223' are selected in object 'Object Repository/LL -Place Order Page/Shipping Country Select' 

2018-11-21 10:23:52 - [MESSAGE][PASSED] - All options with value '223' are selected in object 'Object Repository/LL -Place Order Page/Shipping Country Select' 

2018-11-21 10:23:52 - [TEST_STEP][PASSED] - selectOptionByValue: All options with value 'FL' are selected in object 'Object Repository/LL -Place Order Page/Shipping State Select' 

2018-11-21 10:23:52 - [MESSAGE][PASSED] - All options with value 'FL' are selected in object 'Object Repository/LL -Place Order Page/Shipping State Select' 

2018-11-21 10:23:52 - [TEST_STEP][PASSED] - setText: Text '555-555-5555' is set on object 'Object Repository/LL -Place Order Page/Phone Input'

2018-11-21 10:23:53 - [MESSAGE][PASSED] - Text '555-555-5555' is set on object 'Object Repository/LL -Place Order Page/Phone Input'

2018-11-21 10:23:53 - [TEST_STEP][PASSED] - setText: Text 'matt@7.4Test.com' is set on object 'Object Repository/LL -Place Order Page/Email Input'

2018-11-21 10:23:53 - [MESSAGE][PASSED] - Text 'matt@7.4Test.com' is set on object 'Object Repository/LL -Place Order Page/Email Input'

2018-11-21 10:23:53 - [TEST_STEP][PASSED] - click: Object: 'Object Repository/LL -Place Order Page/Affiliate-Sub-Affiliate Checkbox' is clicked on

2018-11-21 10:23:53 - [MESSAGE][PASSED] - Object: 'Object Repository/LL -Place Order Page/Affiliate-Sub-Affiliate Checkbox' is clicked on

2018-11-21 10:23:53 - [TEST_STEP][PASSED] - setText: Text 'AFID' is set on object 'Object Repository/LL -Place Order Page/AFID Input'

2018-11-21 10:23:54 - [MESSAGE][PASSED] - Text 'AFID' is set on object 'Object Repository/LL -Place Order Page/AFID Input'

2018-11-21 10:23:54 - [TEST_STEP][PASSED] - setText: Text 'SID' is set on object 'Object Repository/LL -Place Order Page/SID Input'

2018-11-21 10:23:54 - [MESSAGE][PASSED] - Text 'SID' is set on object 'Object Repository/LL -Place Order Page/SID Input'

2018-11-21 10:23:54 - [TEST_STEP][PASSED] - selectOptionByValue: All options with value 'visa' are selected in object 'Object Repository/LL -Place Order Page/Payment Type Select' 

2018-11-21 10:23:54 - [MESSAGE][PASSED] - All options with value 'visa' are selected in object 'Object Repository/LL -Place Order Page/Payment Type Select' 

2018-11-21 10:23:54 - [TEST_STEP][PASSED] - setText: Text '5555555555555555' is set on object 'Object Repository/LL -Place Order Page/Credit Card Number Input'

2018-11-21 10:23:55 - [MESSAGE][PASSED] - Text '5555555555555555' is set on object 'Object Repository/LL -Place Order Page/Credit Card Number Input'

2018-11-21 10:23:55 - [TEST_STEP][PASSED] - selectOptionByValue: All options with value '01' are selected in object 'Object Repository/LL -Place Order Page/Expiration Date-Month Select' 

2018-11-21 10:23:55 - [MESSAGE][PASSED] - All options with value '01' are selected in object 'Object Repository/LL -Place Order Page/Expiration Date-Month Select' 

2018-11-21 10:23:55 - [TEST_STEP][PASSED] - selectOptionByValue: All options with value '30' are selected in object 'Object Repository/LL -Place Order Page/Expiration Date-Year Select' 

2018-11-21 10:23:55 - [MESSAGE][PASSED] - All options with value '30' are selected in object 'Object Repository/LL -Place Order Page/Expiration Date-Year Select' 

2018-11-21 10:23:55 - [TEST_STEP][PASSED] - setText: Text '1234' is set on object 'Object Repository/LL -Place Order Page/Security Code Input'

2018-11-21 10:23:55 - [MESSAGE][PASSED] - Text '1234' is set on object 'Object Repository/LL -Place Order Page/Security Code Input'

2018-11-21 10:23:55 - [TEST_STEP][PASSED] - click: Object: 'Object Repository/LL -Place Order Page/Process Order Button' is clicked on

2018-11-21 10:23:58 - [MESSAGE][PASSED] - Object: 'Object Repository/LL -Place Order Page/Process Order Button' is clicked on

2018-11-21 10:23:58 - [TEST_STEP][PASSED] - verifyTextPresent: Text 'Place Order 'SUCCESS'' is present on page 

2018-11-21 10:23:58 - [MESSAGE][PASSED] - Text 'Place Order 'SUCCESS'' is present on page 

2018-11-21 10:23:58 - [TEST_STEP][PASSED] - click: Object: 'Object Repository/LL -Place Order Page/Order ID Link' is clicked on

2018-11-21 10:23:59 - [MESSAGE][PASSED] - Object: 'Object Repository/LL -Place Order Page/Order ID Link' is clicked on

2018-11-21 10:23:59 - [TEST_STEP][PASSED] - waitForPageLoad: Wait for page load successfully

2018-11-21 10:24:00 - [MESSAGE][PASSED] - Wait for page load successfully

2018-11-21 10:24:00 - [TEST_STEP][PASSED] - verifyTextPresent: Text 'matt@7.4Test.com' is present on page 

2018-11-21 10:24:00 - [MESSAGE][PASSED] - Text 'matt@7.4Test.com' is present on page 

2018-11-21 10:24:00 - [TEST_STEP][PASSED] - verifyTextPresent: Text 'By Lime Light CRM API - Product 207 was purchased using offer 392, billing model 240. ' is present on page 

2018-11-21 10:24:01 - [MESSAGE][PASSED] - Text 'By Lime Light CRM API - Product 207 was purchased using offer 392, billing model 240. ' is present on page]]></system-out>
         <system-err><![CDATA[]]></system-err>
      </testcase>
      <testcase name="Test Cases/Offer ID 392 - Regression-Standard" classname="Test Cases/Offer ID 392 - Regression-Standard" status="PASSED">
         <system-out><![CDATA[2018-11-21 10:24:01 - [TEST_CASE][PASSED] - Test Cases/Offer ID 392 - Regression-Standard: Test Cases/Offer ID 392 - Regression-Standard

2018-11-21 10:24:01 - [TEST_STEP][PASSED] - openBrowser: Browser is opened with url: 'https://test-dnvb.qa1.limelightcrm.com/admin/login.php?'

2018-11-21 10:24:01 - [MESSAGE][WARNING] - A browser is already opened. Closing browser and opening a new one

2018-11-21 10:24:06 - [MESSAGE][PASSED] - Browser is opened with url: 'https://test-dnvb.qa1.limelightcrm.com/admin/login.php?'

2018-11-21 10:24:06 - [TEST_STEP][PASSED] - setText: Text 'mattauto' is set on object 'Object Repository/LL - Log In/Username Field'

2018-11-21 10:24:06 - [MESSAGE][PASSED] - Text 'mattauto' is set on object 'Object Repository/LL - Log In/Username Field'

2018-11-21 10:24:06 - [TEST_STEP][PASSED] - setText: Text 'Testing123!' is set on object 'Object Repository/LL - Log In/Password Field'

2018-11-21 10:24:07 - [MESSAGE][PASSED] - Text 'Testing123!' is set on object 'Object Repository/LL - Log In/Password Field'

2018-11-21 10:24:07 - [TEST_STEP][PASSED] - click: Object: 'Object Repository/LL - Log In/Log In Button' is clicked on

2018-11-21 10:24:12 - [MESSAGE][PASSED] - Object: 'Object Repository/LL - Log In/Log In Button' is clicked on

2018-11-21 10:24:12 - [TEST_STEP][PASSED] - waitForElementVisible: Object 'Object Repository/LL - Dashboard/Dashboard Header' is visible

2018-11-21 10:24:12 - [MESSAGE][WARNING] - Timeout '0' is invalid. Using default page load timeout: '30'

2018-11-21 10:24:12 - [MESSAGE][PASSED] - Object 'Object Repository/LL - Dashboard/Dashboard Header' is visible

2018-11-21 10:24:12 - [TEST_STEP][PASSED] - navigateToUrl: Navigate to 'https://test-dnvb.qa1.limelightcrm.com/admin/placeorder.php' successfully

2018-11-21 10:24:14 - [MESSAGE][PASSED] - Navigate to 'https://test-dnvb.qa1.limelightcrm.com/admin/placeorder.php' successfully

2018-11-21 10:24:14 - [TEST_STEP][PASSED] - selectOptionByValue: All options with value '137' are selected in object 'Object Repository/LL -Place Order Page/Campaign Select' 

2018-11-21 10:24:15 - [MESSAGE][PASSED] - All options with value '137' are selected in object 'Object Repository/LL -Place Order Page/Campaign Select' 

2018-11-21 10:24:15 - [TEST_STEP][PASSED] - selectOptionByValue: All options with value '392' are selected in object 'Object Repository/LL -Place Order Page/Offer Select' 

2018-11-21 10:24:15 - [MESSAGE][PASSED] - All options with value '392' are selected in object 'Object Repository/LL -Place Order Page/Offer Select' 

2018-11-21 10:24:15 - [TEST_STEP][PASSED] - delay: Delayed 3 second(s)

2018-11-21 10:24:18 - [MESSAGE][PASSED] - Delayed 3 second(s)

2018-11-21 10:24:18 - [TEST_STEP][PASSED] - waitForElementVisible: Object 'Object Repository/LL -Place Order Page/Trial Checkbox' is visible

2018-11-21 10:24:18 - [MESSAGE][PASSED] - Object 'Object Repository/LL -Place Order Page/Trial Checkbox' is visible

2018-11-21 10:24:18 - [TEST_STEP][PASSED] - click: Object: 'Object Repository/LL -Place Order Page/Trial Checkbox' is clicked on

2018-11-21 10:24:19 - [MESSAGE][PASSED] - Object: 'Object Repository/LL -Place Order Page/Trial Checkbox' is clicked on

2018-11-21 10:24:19 - [TEST_STEP][PASSED] - selectOptionByValue: All options with value '240' are selected in object 'Object Repository/LL -Place Order Page/Billing Model Select' 

2018-11-21 10:24:19 - [MESSAGE][PASSED] - All options with value '240' are selected in object 'Object Repository/LL -Place Order Page/Billing Model Select' 

2018-11-21 10:24:19 - [TEST_STEP][PASSED] - selectOptionByValue: All options with value '207' are selected in object 'Object Repository/LL -Place Order Page/Main Product Select' 

2018-11-21 10:24:19 - [MESSAGE][PASSED] - All options with value '207' are selected in object 'Object Repository/LL -Place Order Page/Main Product Select' 

2018-11-21 10:24:19 - [TEST_STEP][PASSED] - setText: Text '123456789' is set on object 'Object Repository/LL -Place Order Page/Step Number Input'

2018-11-21 10:24:20 - [MESSAGE][PASSED] - Text '123456789' is set on object 'Object Repository/LL -Place Order Page/Step Number Input'

2018-11-21 10:24:20 - [TEST_STEP][PASSED] - selectOptionByValue: All options with value '2' are selected in object 'Object Repository/LL -Place Order Page/Shipping Method Select' 

2018-11-21 10:24:20 - [MESSAGE][PASSED] - All options with value '2' are selected in object 'Object Repository/LL -Place Order Page/Shipping Method Select' 

2018-11-21 10:24:20 - [TEST_STEP][PASSED] - setText: Text 'Matt' is set on object 'Object Repository/LL -Place Order Page/Shipping First Name Input'

2018-11-21 10:24:20 - [MESSAGE][PASSED] - Text 'Matt' is set on object 'Object Repository/LL -Place Order Page/Shipping First Name Input'

2018-11-21 10:24:20 - [TEST_STEP][PASSED] - setText: Text '7.4-Test' is set on object 'Object Repository/LL -Place Order Page/Shipping Last Name Input'

2018-11-21 10:24:21 - [MESSAGE][PASSED] - Text '7.4-Test' is set on object 'Object Repository/LL -Place Order Page/Shipping Last Name Input'

2018-11-21 10:24:21 - [TEST_STEP][PASSED] - setText: Text '123 Street' is set on object 'Object Repository/LL -Place Order Page/Shipping Address Input'

2018-11-21 10:24:21 - [MESSAGE][PASSED] - Text '123 Street' is set on object 'Object Repository/LL -Place Order Page/Shipping Address Input'

2018-11-21 10:24:21 - [TEST_STEP][PASSED] - setText: Text 'APT 123' is set on object 'Object Repository/LL -Place Order Page/Shipping Address 2 Input'

2018-11-21 10:24:21 - [MESSAGE][PASSED] - Text 'APT 123' is set on object 'Object Repository/LL -Place Order Page/Shipping Address 2 Input'

2018-11-21 10:24:21 - [TEST_STEP][PASSED] - setText: Text 'Tampa' is set on object 'Object Repository/LL -Place Order Page/Shipping City Input'

2018-11-21 10:24:21 - [MESSAGE][PASSED] - Text 'Tampa' is set on object 'Object Repository/LL -Place Order Page/Shipping City Input'

2018-11-21 10:24:21 - [TEST_STEP][PASSED] - setText: Text '12345' is set on object 'Object Repository/LL -Place Order Page/Shipping Zip Code Input'

2018-11-21 10:24:22 - [MESSAGE][PASSED] - Text '12345' is set on object 'Object Repository/LL -Place Order Page/Shipping Zip Code Input'

2018-11-21 10:24:22 - [TEST_STEP][PASSED] - selectOptionByValue: All options with value '223' are selected in object 'Object Repository/LL -Place Order Page/Shipping Country Select' 

2018-11-21 10:24:22 - [MESSAGE][PASSED] - All options with value '223' are selected in object 'Object Repository/LL -Place Order Page/Shipping Country Select' 

2018-11-21 10:24:22 - [TEST_STEP][PASSED] - selectOptionByValue: All options with value 'FL' are selected in object 'Object Repository/LL -Place Order Page/Shipping State Select' 

2018-11-21 10:24:23 - [MESSAGE][PASSED] - All options with value 'FL' are selected in object 'Object Repository/LL -Place Order Page/Shipping State Select' 

2018-11-21 10:24:23 - [TEST_STEP][PASSED] - setText: Text '555-555-5555' is set on object 'Object Repository/LL -Place Order Page/Phone Input'

2018-11-21 10:24:23 - [MESSAGE][PASSED] - Text '555-555-5555' is set on object 'Object Repository/LL -Place Order Page/Phone Input'

2018-11-21 10:24:23 - [TEST_STEP][PASSED] - setText: Text 'matt@7.4Test.com' is set on object 'Object Repository/LL -Place Order Page/Email Input'

2018-11-21 10:24:23 - [MESSAGE][PASSED] - Text 'matt@7.4Test.com' is set on object 'Object Repository/LL -Place Order Page/Email Input'

2018-11-21 10:24:23 - [TEST_STEP][PASSED] - click: Object: 'Object Repository/LL -Place Order Page/Affiliate-Sub-Affiliate Checkbox' is clicked on

2018-11-21 10:24:24 - [MESSAGE][PASSED] - Object: 'Object Repository/LL -Place Order Page/Affiliate-Sub-Affiliate Checkbox' is clicked on

2018-11-21 10:24:24 - [TEST_STEP][PASSED] - setText: Text 'AFID' is set on object 'Object Repository/LL -Place Order Page/AFID Input'

2018-11-21 10:24:24 - [MESSAGE][PASSED] - Text 'AFID' is set on object 'Object Repository/LL -Place Order Page/AFID Input'

2018-11-21 10:24:24 - [TEST_STEP][PASSED] - setText: Text 'SID' is set on object 'Object Repository/LL -Place Order Page/SID Input'

2018-11-21 10:24:24 - [MESSAGE][PASSED] - Text 'SID' is set on object 'Object Repository/LL -Place Order Page/SID Input'

2018-11-21 10:24:24 - [TEST_STEP][PASSED] - selectOptionByValue: All options with value 'visa' are selected in object 'Object Repository/LL -Place Order Page/Payment Type Select' 

2018-11-21 10:24:24 - [MESSAGE][PASSED] - All options with value 'visa' are selected in object 'Object Repository/LL -Place Order Page/Payment Type Select' 

2018-11-21 10:24:24 - [TEST_STEP][PASSED] - setText: Text '5555555555555555' is set on object 'Object Repository/LL -Place Order Page/Credit Card Number Input'

2018-11-21 10:24:25 - [MESSAGE][PASSED] - Text '5555555555555555' is set on object 'Object Repository/LL -Place Order Page/Credit Card Number Input'

2018-11-21 10:24:25 - [TEST_STEP][PASSED] - selectOptionByValue: All options with value '01' are selected in object 'Object Repository/LL -Place Order Page/Expiration Date-Month Select' 

2018-11-21 10:24:25 - [MESSAGE][PASSED] - All options with value '01' are selected in object 'Object Repository/LL -Place Order Page/Expiration Date-Month Select' 

2018-11-21 10:24:25 - [TEST_STEP][PASSED] - selectOptionByValue: All options with value '30' are selected in object 'Object Repository/LL -Place Order Page/Expiration Date-Year Select' 

2018-11-21 10:24:25 - [MESSAGE][PASSED] - All options with value '30' are selected in object 'Object Repository/LL -Place Order Page/Expiration Date-Year Select' 

2018-11-21 10:24:25 - [TEST_STEP][PASSED] - setText: Text '1234' is set on object 'Object Repository/LL -Place Order Page/Security Code Input'

2018-11-21 10:24:26 - [MESSAGE][PASSED] - Text '1234' is set on object 'Object Repository/LL -Place Order Page/Security Code Input'

2018-11-21 10:24:26 - [TEST_STEP][PASSED] - click: Object: 'Object Repository/LL -Place Order Page/Process Order Button' is clicked on

2018-11-21 10:24:27 - [MESSAGE][PASSED] - Object: 'Object Repository/LL -Place Order Page/Process Order Button' is clicked on

2018-11-21 10:24:27 - [TEST_STEP][PASSED] - verifyTextPresent: Text 'Place Order 'SUCCESS'' is present on page 

2018-11-21 10:24:28 - [MESSAGE][PASSED] - Text 'Place Order 'SUCCESS'' is present on page 

2018-11-21 10:24:28 - [TEST_STEP][PASSED] - click: Object: 'Object Repository/LL -Place Order Page/Order ID Link' is clicked on

2018-11-21 10:24:29 - [MESSAGE][PASSED] - Object: 'Object Repository/LL -Place Order Page/Order ID Link' is clicked on

2018-11-21 10:24:29 - [TEST_STEP][PASSED] - waitForPageLoad: Wait for page load successfully

2018-11-21 10:24:29 - [MESSAGE][PASSED] - Wait for page load successfully

2018-11-21 10:24:29 - [TEST_STEP][PASSED] - verifyTextPresent: Text 'matt@7.4Test.com' is present on page 

2018-11-21 10:24:30 - [MESSAGE][PASSED] - Text 'matt@7.4Test.com' is present on page 

2018-11-21 10:24:30 - [TEST_STEP][PASSED] - verifyTextPresent: Text 'By Lime Light CRM API - Product 207 was purchased using offer 392, billing model 240. ' is present on page 

2018-11-21 10:24:30 - [MESSAGE][PASSED] - Text 'By Lime Light CRM API - Product 207 was purchased using offer 392, billing model 240. ' is present on page]]></system-out>
         <system-err><![CDATA[]]></system-err>
      </testcase>
      <testcase name="Test Cases/Offer ID 394 - Regression-StandardExpires-Trial" classname="Test Cases/Offer ID 394 - Regression-StandardExpires-Trial" status="PASSED">
         <system-out><![CDATA[2018-11-21 10:24:30 - [TEST_CASE][PASSED] - Test Cases/Offer ID 394 - Regression-StandardExpires-Trial: Test Cases/Offer ID 394 - Regression-StandardExpires-Trial

2018-11-21 10:24:30 - [TEST_STEP][PASSED] - openBrowser: Browser is opened with url: 'https://test-dnvb.qa1.limelightcrm.com/admin/login.php?'

2018-11-21 10:24:30 - [MESSAGE][WARNING] - A browser is already opened. Closing browser and opening a new one

2018-11-21 10:24:35 - [MESSAGE][PASSED] - Browser is opened with url: 'https://test-dnvb.qa1.limelightcrm.com/admin/login.php?'

2018-11-21 10:24:35 - [TEST_STEP][PASSED] - setText: Text 'mattauto' is set on object 'Object Repository/LL - Log In/Username Field'

2018-11-21 10:24:35 - [MESSAGE][PASSED] - Text 'mattauto' is set on object 'Object Repository/LL - Log In/Username Field'

2018-11-21 10:24:35 - [TEST_STEP][PASSED] - setText: Text 'Testing123!' is set on object 'Object Repository/LL - Log In/Password Field'

2018-11-21 10:24:35 - [MESSAGE][PASSED] - Text 'Testing123!' is set on object 'Object Repository/LL - Log In/Password Field'

2018-11-21 10:24:35 - [TEST_STEP][PASSED] - click: Object: 'Object Repository/LL - Log In/Log In Button' is clicked on

2018-11-21 10:24:41 - [MESSAGE][PASSED] - Object: 'Object Repository/LL - Log In/Log In Button' is clicked on

2018-11-21 10:24:41 - [TEST_STEP][PASSED] - waitForElementVisible: Object 'Object Repository/LL - Dashboard/Dashboard Header' is visible

2018-11-21 10:24:41 - [MESSAGE][WARNING] - Timeout '0' is invalid. Using default page load timeout: '30'

2018-11-21 10:24:41 - [MESSAGE][PASSED] - Object 'Object Repository/LL - Dashboard/Dashboard Header' is visible

2018-11-21 10:24:41 - [TEST_STEP][PASSED] - navigateToUrl: Navigate to 'https://test-dnvb.qa1.limelightcrm.com/admin/placeorder.php' successfully

2018-11-21 10:24:42 - [MESSAGE][PASSED] - Navigate to 'https://test-dnvb.qa1.limelightcrm.com/admin/placeorder.php' successfully

2018-11-21 10:24:42 - [TEST_STEP][PASSED] - selectOptionByValue: All options with value '137' are selected in object 'Object Repository/LL -Place Order Page/Campaign Select' 

2018-11-21 10:24:43 - [MESSAGE][PASSED] - All options with value '137' are selected in object 'Object Repository/LL -Place Order Page/Campaign Select' 

2018-11-21 10:24:43 - [TEST_STEP][PASSED] - selectOptionByValue: All options with value '394' are selected in object 'Object Repository/LL -Place Order Page/Offer Select' 

2018-11-21 10:24:44 - [MESSAGE][PASSED] - All options with value '394' are selected in object 'Object Repository/LL -Place Order Page/Offer Select' 

2018-11-21 10:24:44 - [TEST_STEP][PASSED] - delay: Delayed 3 second(s)

2018-11-21 10:24:47 - [MESSAGE][PASSED] - Delayed 3 second(s)

2018-11-21 10:24:47 - [TEST_STEP][PASSED] - waitForElementVisible: Object 'Object Repository/LL -Place Order Page/Trial Product Select' is visible

2018-11-21 10:24:47 - [MESSAGE][PASSED] - Object 'Object Repository/LL -Place Order Page/Trial Product Select' is visible

2018-11-21 10:24:47 - [TEST_STEP][PASSED] - selectOptionByValue: All options with value '207' are selected in object 'Object Repository/LL -Place Order Page/Trial Product Select' 

2018-11-21 10:24:47 - [MESSAGE][PASSED] - All options with value '207' are selected in object 'Object Repository/LL -Place Order Page/Trial Product Select' 

2018-11-21 10:24:47 - [TEST_STEP][PASSED] - selectOptionByValue: All options with value '240' are selected in object 'Object Repository/LL -Place Order Page/Billing Model Select' 

2018-11-21 10:24:48 - [MESSAGE][PASSED] - All options with value '240' are selected in object 'Object Repository/LL -Place Order Page/Billing Model Select' 

2018-11-21 10:24:48 - [TEST_STEP][PASSED] - selectOptionByValue: All options with value '207' are selected in object 'Object Repository/LL -Place Order Page/Main Product Select' 

2018-11-21 10:24:48 - [MESSAGE][PASSED] - All options with value '207' are selected in object 'Object Repository/LL -Place Order Page/Main Product Select' 

2018-11-21 10:24:48 - [TEST_STEP][PASSED] - setText: Text '123456789' is set on object 'Object Repository/LL -Place Order Page/Step Number Input'

2018-11-21 10:24:49 - [MESSAGE][PASSED] - Text '123456789' is set on object 'Object Repository/LL -Place Order Page/Step Number Input'

2018-11-21 10:24:49 - [TEST_STEP][PASSED] - selectOptionByValue: All options with value '2' are selected in object 'Object Repository/LL -Place Order Page/Shipping Method Select' 

2018-11-21 10:24:49 - [MESSAGE][PASSED] - All options with value '2' are selected in object 'Object Repository/LL -Place Order Page/Shipping Method Select' 

2018-11-21 10:24:49 - [TEST_STEP][PASSED] - setText: Text 'Matt' is set on object 'Object Repository/LL -Place Order Page/Shipping First Name Input'

2018-11-21 10:24:49 - [MESSAGE][PASSED] - Text 'Matt' is set on object 'Object Repository/LL -Place Order Page/Shipping First Name Input'

2018-11-21 10:24:49 - [TEST_STEP][PASSED] - setText: Text '7.4-Test' is set on object 'Object Repository/LL -Place Order Page/Shipping Last Name Input'

2018-11-21 10:24:50 - [MESSAGE][PASSED] - Text '7.4-Test' is set on object 'Object Repository/LL -Place Order Page/Shipping Last Name Input'

2018-11-21 10:24:50 - [TEST_STEP][PASSED] - setText: Text '123 Street' is set on object 'Object Repository/LL -Place Order Page/Shipping Address Input'

2018-11-21 10:24:50 - [MESSAGE][PASSED] - Text '123 Street' is set on object 'Object Repository/LL -Place Order Page/Shipping Address Input'

2018-11-21 10:24:50 - [TEST_STEP][PASSED] - setText: Text 'APT 123' is set on object 'Object Repository/LL -Place Order Page/Shipping Address 2 Input'

2018-11-21 10:24:50 - [MESSAGE][PASSED] - Text 'APT 123' is set on object 'Object Repository/LL -Place Order Page/Shipping Address 2 Input'

2018-11-21 10:24:50 - [TEST_STEP][PASSED] - setText: Text 'Tampa' is set on object 'Object Repository/LL -Place Order Page/Shipping City Input'

2018-11-21 10:24:50 - [MESSAGE][PASSED] - Text 'Tampa' is set on object 'Object Repository/LL -Place Order Page/Shipping City Input'

2018-11-21 10:24:50 - [TEST_STEP][PASSED] - setText: Text '12345' is set on object 'Object Repository/LL -Place Order Page/Shipping Zip Code Input'

2018-11-21 10:24:51 - [MESSAGE][PASSED] - Text '12345' is set on object 'Object Repository/LL -Place Order Page/Shipping Zip Code Input'

2018-11-21 10:24:51 - [TEST_STEP][PASSED] - selectOptionByValue: All options with value '223' are selected in object 'Object Repository/LL -Place Order Page/Shipping Country Select' 

2018-11-21 10:24:51 - [MESSAGE][PASSED] - All options with value '223' are selected in object 'Object Repository/LL -Place Order Page/Shipping Country Select' 

2018-11-21 10:24:51 - [TEST_STEP][PASSED] - selectOptionByValue: All options with value 'FL' are selected in object 'Object Repository/LL -Place Order Page/Shipping State Select' 

2018-11-21 10:24:52 - [MESSAGE][PASSED] - All options with value 'FL' are selected in object 'Object Repository/LL -Place Order Page/Shipping State Select' 

2018-11-21 10:24:52 - [TEST_STEP][PASSED] - setText: Text '555-555-5555' is set on object 'Object Repository/LL -Place Order Page/Phone Input'

2018-11-21 10:24:52 - [MESSAGE][PASSED] - Text '555-555-5555' is set on object 'Object Repository/LL -Place Order Page/Phone Input'

2018-11-21 10:24:52 - [TEST_STEP][PASSED] - setText: Text 'matt@7.4Test.com' is set on object 'Object Repository/LL -Place Order Page/Email Input'

2018-11-21 10:24:53 - [MESSAGE][PASSED] - Text 'matt@7.4Test.com' is set on object 'Object Repository/LL -Place Order Page/Email Input'

2018-11-21 10:24:53 - [TEST_STEP][PASSED] - click: Object: 'Object Repository/LL -Place Order Page/Affiliate-Sub-Affiliate Checkbox' is clicked on

2018-11-21 10:24:53 - [MESSAGE][PASSED] - Object: 'Object Repository/LL -Place Order Page/Affiliate-Sub-Affiliate Checkbox' is clicked on

2018-11-21 10:24:53 - [TEST_STEP][PASSED] - setText: Text 'AFID' is set on object 'Object Repository/LL -Place Order Page/AFID Input'

2018-11-21 10:24:53 - [MESSAGE][PASSED] - Text 'AFID' is set on object 'Object Repository/LL -Place Order Page/AFID Input'

2018-11-21 10:24:53 - [TEST_STEP][PASSED] - setText: Text 'SID' is set on object 'Object Repository/LL -Place Order Page/SID Input'

2018-11-21 10:24:53 - [MESSAGE][PASSED] - Text 'SID' is set on object 'Object Repository/LL -Place Order Page/SID Input'

2018-11-21 10:24:53 - [TEST_STEP][PASSED] - selectOptionByValue: All options with value 'visa' are selected in object 'Object Repository/LL -Place Order Page/Payment Type Select' 

2018-11-21 10:24:54 - [MESSAGE][PASSED] - All options with value 'visa' are selected in object 'Object Repository/LL -Place Order Page/Payment Type Select' 

2018-11-21 10:24:54 - [TEST_STEP][PASSED] - setText: Text '5555555555555555' is set on object 'Object Repository/LL -Place Order Page/Credit Card Number Input'

2018-11-21 10:24:54 - [MESSAGE][PASSED] - Text '5555555555555555' is set on object 'Object Repository/LL -Place Order Page/Credit Card Number Input'

2018-11-21 10:24:54 - [TEST_STEP][PASSED] - selectOptionByValue: All options with value '01' are selected in object 'Object Repository/LL -Place Order Page/Expiration Date-Month Select' 

2018-11-21 10:24:54 - [MESSAGE][PASSED] - All options with value '01' are selected in object 'Object Repository/LL -Place Order Page/Expiration Date-Month Select' 

2018-11-21 10:24:54 - [TEST_STEP][PASSED] - selectOptionByValue: All options with value '30' are selected in object 'Object Repository/LL -Place Order Page/Expiration Date-Year Select' 

2018-11-21 10:24:54 - [MESSAGE][PASSED] - All options with value '30' are selected in object 'Object Repository/LL -Place Order Page/Expiration Date-Year Select' 

2018-11-21 10:24:54 - [TEST_STEP][PASSED] - setText: Text '1234' is set on object 'Object Repository/LL -Place Order Page/Security Code Input'

2018-11-21 10:24:55 - [MESSAGE][PASSED] - Text '1234' is set on object 'Object Repository/LL -Place Order Page/Security Code Input'

2018-11-21 10:24:55 - [TEST_STEP][PASSED] - click: Object: 'Object Repository/LL -Place Order Page/Process Order Button' is clicked on

2018-11-21 10:24:57 - [MESSAGE][PASSED] - Object: 'Object Repository/LL -Place Order Page/Process Order Button' is clicked on

2018-11-21 10:24:57 - [TEST_STEP][PASSED] - verifyTextPresent: Text 'Place Order 'SUCCESS'' is present on page 

2018-11-21 10:24:57 - [MESSAGE][PASSED] - Text 'Place Order 'SUCCESS'' is present on page 

2018-11-21 10:24:57 - [TEST_STEP][PASSED] - click: Object: 'Object Repository/LL -Place Order Page/Order ID Link' is clicked on

2018-11-21 10:24:58 - [MESSAGE][PASSED] - Object: 'Object Repository/LL -Place Order Page/Order ID Link' is clicked on

2018-11-21 10:24:58 - [TEST_STEP][PASSED] - waitForPageLoad: Wait for page load successfully

2018-11-21 10:24:58 - [MESSAGE][PASSED] - Wait for page load successfully

2018-11-21 10:24:58 - [TEST_STEP][PASSED] - verifyTextPresent: Text 'matt@7.4Test.com' is present on page 

2018-11-21 10:24:59 - [MESSAGE][PASSED] - Text 'matt@7.4Test.com' is present on page 

2018-11-21 10:24:59 - [TEST_STEP][PASSED] - verifyTextPresent: Text 'By Lime Light CRM API - Product 207 was purchased using offer 394, billing model 240. ' is present on page 

2018-11-21 10:24:59 - [MESSAGE][PASSED] - Text 'By Lime Light CRM API - Product 207 was purchased using offer 394, billing model 240. ' is present on page]]></system-out>
         <system-err><![CDATA[]]></system-err>
      </testcase>
      <testcase name="Test Cases/Offer ID 394 - Regression-StandardExpires" classname="Test Cases/Offer ID 394 - Regression-StandardExpires" status="PASSED">
         <system-out><![CDATA[2018-11-21 10:24:59 - [TEST_CASE][PASSED] - Test Cases/Offer ID 394 - Regression-StandardExpires: Test Cases/Offer ID 394 - Regression-StandardExpires

2018-11-21 10:25:00 - [TEST_STEP][PASSED] - openBrowser: Browser is opened with url: 'https://test-dnvb.qa1.limelightcrm.com/admin/login.php?'

2018-11-21 10:25:00 - [MESSAGE][WARNING] - A browser is already opened. Closing browser and opening a new one

2018-11-21 10:25:04 - [MESSAGE][PASSED] - Browser is opened with url: 'https://test-dnvb.qa1.limelightcrm.com/admin/login.php?'

2018-11-21 10:25:04 - [TEST_STEP][PASSED] - setText: Text 'mattauto' is set on object 'Object Repository/LL - Log In/Username Field'

2018-11-21 10:25:04 - [MESSAGE][PASSED] - Text 'mattauto' is set on object 'Object Repository/LL - Log In/Username Field'

2018-11-21 10:25:04 - [TEST_STEP][PASSED] - setText: Text 'Testing123!' is set on object 'Object Repository/LL - Log In/Password Field'

2018-11-21 10:25:05 - [MESSAGE][PASSED] - Text 'Testing123!' is set on object 'Object Repository/LL - Log In/Password Field'

2018-11-21 10:25:05 - [TEST_STEP][PASSED] - click: Object: 'Object Repository/LL - Log In/Log In Button' is clicked on

2018-11-21 10:25:09 - [MESSAGE][PASSED] - Object: 'Object Repository/LL - Log In/Log In Button' is clicked on

2018-11-21 10:25:09 - [TEST_STEP][PASSED] - waitForElementVisible: Object 'Object Repository/LL - Dashboard/Dashboard Header' is visible

2018-11-21 10:25:09 - [MESSAGE][WARNING] - Timeout '0' is invalid. Using default page load timeout: '30'

2018-11-21 10:25:09 - [MESSAGE][PASSED] - Object 'Object Repository/LL - Dashboard/Dashboard Header' is visible

2018-11-21 10:25:09 - [TEST_STEP][PASSED] - navigateToUrl: Navigate to 'https://test-dnvb.qa1.limelightcrm.com/admin/placeorder.php' successfully

2018-11-21 10:25:10 - [MESSAGE][PASSED] - Navigate to 'https://test-dnvb.qa1.limelightcrm.com/admin/placeorder.php' successfully

2018-11-21 10:25:10 - [TEST_STEP][PASSED] - selectOptionByValue: All options with value '137' are selected in object 'Object Repository/LL -Place Order Page/Campaign Select' 

2018-11-21 10:25:11 - [MESSAGE][PASSED] - All options with value '137' are selected in object 'Object Repository/LL -Place Order Page/Campaign Select' 

2018-11-21 10:25:11 - [TEST_STEP][PASSED] - selectOptionByValue: All options with value '394' are selected in object 'Object Repository/LL -Place Order Page/Offer Select' 

2018-11-21 10:25:12 - [MESSAGE][PASSED] - All options with value '394' are selected in object 'Object Repository/LL -Place Order Page/Offer Select' 

2018-11-21 10:25:12 - [TEST_STEP][PASSED] - delay: Delayed 3 second(s)

2018-11-21 10:25:15 - [MESSAGE][PASSED] - Delayed 3 second(s)

2018-11-21 10:25:15 - [TEST_STEP][PASSED] - waitForElementVisible: Object 'Object Repository/LL -Place Order Page/Trial Checkbox' is visible

2018-11-21 10:25:15 - [MESSAGE][PASSED] - Object 'Object Repository/LL -Place Order Page/Trial Checkbox' is visible

2018-11-21 10:25:15 - [TEST_STEP][PASSED] - click: Object: 'Object Repository/LL -Place Order Page/Trial Checkbox' is clicked on

2018-11-21 10:25:15 - [MESSAGE][PASSED] - Object: 'Object Repository/LL -Place Order Page/Trial Checkbox' is clicked on

2018-11-21 10:25:15 - [TEST_STEP][PASSED] - selectOptionByValue: All options with value '240' are selected in object 'Object Repository/LL -Place Order Page/Billing Model Select' 

2018-11-21 10:25:15 - [MESSAGE][PASSED] - All options with value '240' are selected in object 'Object Repository/LL -Place Order Page/Billing Model Select' 

2018-11-21 10:25:15 - [TEST_STEP][PASSED] - selectOptionByValue: All options with value '207' are selected in object 'Object Repository/LL -Place Order Page/Main Product Select' 

2018-11-21 10:25:15 - [MESSAGE][PASSED] - All options with value '207' are selected in object 'Object Repository/LL -Place Order Page/Main Product Select' 

2018-11-21 10:25:15 - [TEST_STEP][PASSED] - setText: Text '123456789' is set on object 'Object Repository/LL -Place Order Page/Step Number Input'

2018-11-21 10:25:16 - [MESSAGE][PASSED] - Text '123456789' is set on object 'Object Repository/LL -Place Order Page/Step Number Input'

2018-11-21 10:25:16 - [TEST_STEP][PASSED] - selectOptionByValue: All options with value '2' are selected in object 'Object Repository/LL -Place Order Page/Shipping Method Select' 

2018-11-21 10:25:16 - [MESSAGE][PASSED] - All options with value '2' are selected in object 'Object Repository/LL -Place Order Page/Shipping Method Select' 

2018-11-21 10:25:16 - [TEST_STEP][PASSED] - setText: Text 'Matt' is set on object 'Object Repository/LL -Place Order Page/Shipping First Name Input'

2018-11-21 10:25:17 - [MESSAGE][PASSED] - Text 'Matt' is set on object 'Object Repository/LL -Place Order Page/Shipping First Name Input'

2018-11-21 10:25:17 - [TEST_STEP][PASSED] - setText: Text '7.4-Test' is set on object 'Object Repository/LL -Place Order Page/Shipping Last Name Input'

2018-11-21 10:25:17 - [MESSAGE][PASSED] - Text '7.4-Test' is set on object 'Object Repository/LL -Place Order Page/Shipping Last Name Input'

2018-11-21 10:25:17 - [TEST_STEP][PASSED] - setText: Text '123 Street' is set on object 'Object Repository/LL -Place Order Page/Shipping Address Input'

2018-11-21 10:25:18 - [MESSAGE][PASSED] - Text '123 Street' is set on object 'Object Repository/LL -Place Order Page/Shipping Address Input'

2018-11-21 10:25:18 - [TEST_STEP][PASSED] - setText: Text 'APT 123' is set on object 'Object Repository/LL -Place Order Page/Shipping Address 2 Input'

2018-11-21 10:25:18 - [MESSAGE][PASSED] - Text 'APT 123' is set on object 'Object Repository/LL -Place Order Page/Shipping Address 2 Input'

2018-11-21 10:25:18 - [TEST_STEP][PASSED] - setText: Text 'Tampa' is set on object 'Object Repository/LL -Place Order Page/Shipping City Input'

2018-11-21 10:25:18 - [MESSAGE][PASSED] - Text 'Tampa' is set on object 'Object Repository/LL -Place Order Page/Shipping City Input'

2018-11-21 10:25:18 - [TEST_STEP][PASSED] - setText: Text '12345' is set on object 'Object Repository/LL -Place Order Page/Shipping Zip Code Input'

2018-11-21 10:25:19 - [MESSAGE][PASSED] - Text '12345' is set on object 'Object Repository/LL -Place Order Page/Shipping Zip Code Input'

2018-11-21 10:25:19 - [TEST_STEP][PASSED] - selectOptionByValue: All options with value '223' are selected in object 'Object Repository/LL -Place Order Page/Shipping Country Select' 

2018-11-21 10:25:19 - [MESSAGE][PASSED] - All options with value '223' are selected in object 'Object Repository/LL -Place Order Page/Shipping Country Select' 

2018-11-21 10:25:19 - [TEST_STEP][PASSED] - selectOptionByValue: All options with value 'FL' are selected in object 'Object Repository/LL -Place Order Page/Shipping State Select' 

2018-11-21 10:25:20 - [MESSAGE][PASSED] - All options with value 'FL' are selected in object 'Object Repository/LL -Place Order Page/Shipping State Select' 

2018-11-21 10:25:20 - [TEST_STEP][PASSED] - setText: Text '555-555-5555' is set on object 'Object Repository/LL -Place Order Page/Phone Input'

2018-11-21 10:25:20 - [MESSAGE][PASSED] - Text '555-555-5555' is set on object 'Object Repository/LL -Place Order Page/Phone Input'

2018-11-21 10:25:20 - [TEST_STEP][PASSED] - setText: Text 'matt@7.4Test.com' is set on object 'Object Repository/LL -Place Order Page/Email Input'

2018-11-21 10:25:20 - [MESSAGE][PASSED] - Text 'matt@7.4Test.com' is set on object 'Object Repository/LL -Place Order Page/Email Input'

2018-11-21 10:25:20 - [TEST_STEP][PASSED] - click: Object: 'Object Repository/LL -Place Order Page/Affiliate-Sub-Affiliate Checkbox' is clicked on

2018-11-21 10:25:20 - [MESSAGE][PASSED] - Object: 'Object Repository/LL -Place Order Page/Affiliate-Sub-Affiliate Checkbox' is clicked on

2018-11-21 10:25:20 - [TEST_STEP][PASSED] - setText: Text 'AFID' is set on object 'Object Repository/LL -Place Order Page/AFID Input'

2018-11-21 10:25:21 - [MESSAGE][PASSED] - Text 'AFID' is set on object 'Object Repository/LL -Place Order Page/AFID Input'

2018-11-21 10:25:21 - [TEST_STEP][PASSED] - setText: Text 'SID' is set on object 'Object Repository/LL -Place Order Page/SID Input'

2018-11-21 10:25:21 - [MESSAGE][PASSED] - Text 'SID' is set on object 'Object Repository/LL -Place Order Page/SID Input'

2018-11-21 10:25:21 - [TEST_STEP][PASSED] - selectOptionByValue: All options with value 'visa' are selected in object 'Object Repository/LL -Place Order Page/Payment Type Select' 

2018-11-21 10:25:21 - [MESSAGE][PASSED] - All options with value 'visa' are selected in object 'Object Repository/LL -Place Order Page/Payment Type Select' 

2018-11-21 10:25:21 - [TEST_STEP][PASSED] - setText: Text '5555555555555555' is set on object 'Object Repository/LL -Place Order Page/Credit Card Number Input'

2018-11-21 10:25:22 - [MESSAGE][PASSED] - Text '5555555555555555' is set on object 'Object Repository/LL -Place Order Page/Credit Card Number Input'

2018-11-21 10:25:22 - [TEST_STEP][PASSED] - selectOptionByValue: All options with value '01' are selected in object 'Object Repository/LL -Place Order Page/Expiration Date-Month Select' 

2018-11-21 10:25:22 - [MESSAGE][PASSED] - All options with value '01' are selected in object 'Object Repository/LL -Place Order Page/Expiration Date-Month Select' 

2018-11-21 10:25:22 - [TEST_STEP][PASSED] - selectOptionByValue: All options with value '30' are selected in object 'Object Repository/LL -Place Order Page/Expiration Date-Year Select' 

2018-11-21 10:25:22 - [MESSAGE][PASSED] - All options with value '30' are selected in object 'Object Repository/LL -Place Order Page/Expiration Date-Year Select' 

2018-11-21 10:25:22 - [TEST_STEP][PASSED] - setText: Text '1234' is set on object 'Object Repository/LL -Place Order Page/Security Code Input'

2018-11-21 10:25:23 - [MESSAGE][PASSED] - Text '1234' is set on object 'Object Repository/LL -Place Order Page/Security Code Input'

2018-11-21 10:25:23 - [TEST_STEP][PASSED] - click: Object: 'Object Repository/LL -Place Order Page/Process Order Button' is clicked on

2018-11-21 10:25:24 - [MESSAGE][PASSED] - Object: 'Object Repository/LL -Place Order Page/Process Order Button' is clicked on

2018-11-21 10:25:24 - [TEST_STEP][PASSED] - verifyTextPresent: Text 'Place Order 'SUCCESS'' is present on page 

2018-11-21 10:25:25 - [MESSAGE][PASSED] - Text 'Place Order 'SUCCESS'' is present on page 

2018-11-21 10:25:25 - [TEST_STEP][PASSED] - click: Object: 'Object Repository/LL -Place Order Page/Order ID Link' is clicked on

2018-11-21 10:25:26 - [MESSAGE][PASSED] - Object: 'Object Repository/LL -Place Order Page/Order ID Link' is clicked on

2018-11-21 10:25:26 - [TEST_STEP][PASSED] - waitForPageLoad: Wait for page load successfully

2018-11-21 10:25:26 - [MESSAGE][PASSED] - Wait for page load successfully

2018-11-21 10:25:26 - [TEST_STEP][PASSED] - verifyTextPresent: Text 'matt@7.4Test.com' is present on page 

2018-11-21 10:25:26 - [MESSAGE][PASSED] - Text 'matt@7.4Test.com' is present on page 

2018-11-21 10:25:26 - [TEST_STEP][PASSED] - verifyTextPresent: Text 'By Lime Light CRM API - Product 207 was purchased using offer 394, billing model 240. ' is present on page 

2018-11-21 10:25:27 - [MESSAGE][PASSED] - Text 'By Lime Light CRM API - Product 207 was purchased using offer 394, billing model 240. ' is present on page]]></system-out>
         <system-err><![CDATA[]]></system-err>
      </testcase>
      <testcase name="Test Cases/Offer ID 396 - Regression-StandardCustomRecurring-Trial" classname="Test Cases/Offer ID 396 - Regression-StandardCustomRecurring-Trial" status="PASSED">
         <system-out><![CDATA[2018-11-21 10:25:27 - [TEST_CASE][PASSED] - Test Cases/Offer ID 396 - Regression-StandardCustomRecurring-Trial: Test Cases/Offer ID 396 - Regression-StandardCustomRecurring-Trial

2018-11-21 10:25:27 - [TEST_STEP][PASSED] - openBrowser: Browser is opened with url: 'https://test-dnvb.qa1.limelightcrm.com/admin/login.php?'

2018-11-21 10:25:27 - [MESSAGE][WARNING] - A browser is already opened. Closing browser and opening a new one

2018-11-21 10:25:31 - [MESSAGE][PASSED] - Browser is opened with url: 'https://test-dnvb.qa1.limelightcrm.com/admin/login.php?'

2018-11-21 10:25:31 - [TEST_STEP][PASSED] - setText: Text 'mattauto' is set on object 'Object Repository/LL - Log In/Username Field'

2018-11-21 10:25:32 - [MESSAGE][PASSED] - Text 'mattauto' is set on object 'Object Repository/LL - Log In/Username Field'

2018-11-21 10:25:32 - [TEST_STEP][PASSED] - setText: Text 'Testing123!' is set on object 'Object Repository/LL - Log In/Password Field'

2018-11-21 10:25:32 - [MESSAGE][PASSED] - Text 'Testing123!' is set on object 'Object Repository/LL - Log In/Password Field'

2018-11-21 10:25:32 - [TEST_STEP][PASSED] - click: Object: 'Object Repository/LL - Log In/Log In Button' is clicked on

2018-11-21 10:25:39 - [MESSAGE][PASSED] - Object: 'Object Repository/LL - Log In/Log In Button' is clicked on

2018-11-21 10:25:39 - [TEST_STEP][PASSED] - waitForElementVisible: Object 'Object Repository/LL - Dashboard/Dashboard Header' is visible

2018-11-21 10:25:39 - [MESSAGE][WARNING] - Timeout '0' is invalid. Using default page load timeout: '30'

2018-11-21 10:25:39 - [MESSAGE][PASSED] - Object 'Object Repository/LL - Dashboard/Dashboard Header' is visible

2018-11-21 10:25:39 - [TEST_STEP][PASSED] - navigateToUrl: Navigate to 'https://test-dnvb.qa1.limelightcrm.com/admin/placeorder.php' successfully

2018-11-21 10:25:40 - [MESSAGE][PASSED] - Navigate to 'https://test-dnvb.qa1.limelightcrm.com/admin/placeorder.php' successfully

2018-11-21 10:25:40 - [TEST_STEP][PASSED] - selectOptionByValue: All options with value '137' are selected in object 'Object Repository/LL -Place Order Page/Campaign Select' 

2018-11-21 10:25:41 - [MESSAGE][PASSED] - All options with value '137' are selected in object 'Object Repository/LL -Place Order Page/Campaign Select' 

2018-11-21 10:25:41 - [TEST_STEP][PASSED] - selectOptionByValue: All options with value '396' are selected in object 'Object Repository/LL -Place Order Page/Offer Select' 

2018-11-21 10:25:41 - [MESSAGE][PASSED] - All options with value '396' are selected in object 'Object Repository/LL -Place Order Page/Offer Select' 

2018-11-21 10:25:41 - [TEST_STEP][PASSED] - delay: Delayed 3 second(s)

2018-11-21 10:25:44 - [MESSAGE][PASSED] - Delayed 3 second(s)

2018-11-21 10:25:44 - [TEST_STEP][PASSED] - waitForElementVisible: Object 'Object Repository/LL -Place Order Page/Trial Product Select' is visible

2018-11-21 10:25:44 - [MESSAGE][PASSED] - Object 'Object Repository/LL -Place Order Page/Trial Product Select' is visible

2018-11-21 10:25:44 - [TEST_STEP][PASSED] - selectOptionByValue: All options with value '207' are selected in object 'Object Repository/LL -Place Order Page/Trial Product Select' 

2018-11-21 10:25:44 - [MESSAGE][PASSED] - All options with value '207' are selected in object 'Object Repository/LL -Place Order Page/Trial Product Select' 

2018-11-21 10:25:44 - [TEST_STEP][PASSED] - selectOptionByValue: All options with value '240' are selected in object 'Object Repository/LL -Place Order Page/Billing Model Select' 

2018-11-21 10:25:45 - [MESSAGE][PASSED] - All options with value '240' are selected in object 'Object Repository/LL -Place Order Page/Billing Model Select' 

2018-11-21 10:25:45 - [TEST_STEP][PASSED] - selectOptionByValue: All options with value '207' are selected in object 'Object Repository/LL -Place Order Page/Main Product Select' 

2018-11-21 10:25:45 - [MESSAGE][PASSED] - All options with value '207' are selected in object 'Object Repository/LL -Place Order Page/Main Product Select' 

2018-11-21 10:25:45 - [TEST_STEP][PASSED] - setText: Text '123456789' is set on object 'Object Repository/LL -Place Order Page/Step Number Input'

2018-11-21 10:25:46 - [MESSAGE][PASSED] - Text '123456789' is set on object 'Object Repository/LL -Place Order Page/Step Number Input'

2018-11-21 10:25:46 - [TEST_STEP][PASSED] - selectOptionByValue: All options with value '2' are selected in object 'Object Repository/LL -Place Order Page/Shipping Method Select' 

2018-11-21 10:25:46 - [MESSAGE][PASSED] - All options with value '2' are selected in object 'Object Repository/LL -Place Order Page/Shipping Method Select' 

2018-11-21 10:25:46 - [TEST_STEP][PASSED] - setText: Text 'Matt' is set on object 'Object Repository/LL -Place Order Page/Shipping First Name Input'

2018-11-21 10:25:46 - [MESSAGE][PASSED] - Text 'Matt' is set on object 'Object Repository/LL -Place Order Page/Shipping First Name Input'

2018-11-21 10:25:46 - [TEST_STEP][PASSED] - setText: Text '7.4-Test' is set on object 'Object Repository/LL -Place Order Page/Shipping Last Name Input'

2018-11-21 10:25:46 - [MESSAGE][PASSED] - Text '7.4-Test' is set on object 'Object Repository/LL -Place Order Page/Shipping Last Name Input'

2018-11-21 10:25:46 - [TEST_STEP][PASSED] - setText: Text '123 Street' is set on object 'Object Repository/LL -Place Order Page/Shipping Address Input'

2018-11-21 10:25:47 - [MESSAGE][PASSED] - Text '123 Street' is set on object 'Object Repository/LL -Place Order Page/Shipping Address Input'

2018-11-21 10:25:47 - [TEST_STEP][PASSED] - setText: Text 'APT 123' is set on object 'Object Repository/LL -Place Order Page/Shipping Address 2 Input'

2018-11-21 10:25:47 - [MESSAGE][PASSED] - Text 'APT 123' is set on object 'Object Repository/LL -Place Order Page/Shipping Address 2 Input'

2018-11-21 10:25:47 - [TEST_STEP][PASSED] - setText: Text 'Tampa' is set on object 'Object Repository/LL -Place Order Page/Shipping City Input'

2018-11-21 10:25:47 - [MESSAGE][PASSED] - Text 'Tampa' is set on object 'Object Repository/LL -Place Order Page/Shipping City Input'

2018-11-21 10:25:47 - [TEST_STEP][PASSED] - setText: Text '12345' is set on object 'Object Repository/LL -Place Order Page/Shipping Zip Code Input'

2018-11-21 10:25:47 - [MESSAGE][PASSED] - Text '12345' is set on object 'Object Repository/LL -Place Order Page/Shipping Zip Code Input'

2018-11-21 10:25:47 - [TEST_STEP][PASSED] - selectOptionByValue: All options with value '223' are selected in object 'Object Repository/LL -Place Order Page/Shipping Country Select' 

2018-11-21 10:25:48 - [MESSAGE][PASSED] - All options with value '223' are selected in object 'Object Repository/LL -Place Order Page/Shipping Country Select' 

2018-11-21 10:25:48 - [TEST_STEP][PASSED] - selectOptionByValue: All options with value 'FL' are selected in object 'Object Repository/LL -Place Order Page/Shipping State Select' 

2018-11-21 10:25:48 - [MESSAGE][PASSED] - All options with value 'FL' are selected in object 'Object Repository/LL -Place Order Page/Shipping State Select' 

2018-11-21 10:25:48 - [TEST_STEP][PASSED] - setText: Text '555-555-5555' is set on object 'Object Repository/LL -Place Order Page/Phone Input'

2018-11-21 10:25:49 - [MESSAGE][PASSED] - Text '555-555-5555' is set on object 'Object Repository/LL -Place Order Page/Phone Input'

2018-11-21 10:25:49 - [TEST_STEP][PASSED] - setText: Text 'matt@7.4Test.com' is set on object 'Object Repository/LL -Place Order Page/Email Input'

2018-11-21 10:25:49 - [MESSAGE][PASSED] - Text 'matt@7.4Test.com' is set on object 'Object Repository/LL -Place Order Page/Email Input'

2018-11-21 10:25:49 - [TEST_STEP][PASSED] - click: Object: 'Object Repository/LL -Place Order Page/Affiliate-Sub-Affiliate Checkbox' is clicked on

2018-11-21 10:25:49 - [MESSAGE][PASSED] - Object: 'Object Repository/LL -Place Order Page/Affiliate-Sub-Affiliate Checkbox' is clicked on

2018-11-21 10:25:49 - [TEST_STEP][PASSED] - setText: Text 'AFID' is set on object 'Object Repository/LL -Place Order Page/AFID Input'

2018-11-21 10:25:50 - [MESSAGE][PASSED] - Text 'AFID' is set on object 'Object Repository/LL -Place Order Page/AFID Input'

2018-11-21 10:25:50 - [TEST_STEP][PASSED] - setText: Text 'SID' is set on object 'Object Repository/LL -Place Order Page/SID Input'

2018-11-21 10:25:50 - [MESSAGE][PASSED] - Text 'SID' is set on object 'Object Repository/LL -Place Order Page/SID Input'

2018-11-21 10:25:50 - [TEST_STEP][PASSED] - selectOptionByValue: All options with value 'visa' are selected in object 'Object Repository/LL -Place Order Page/Payment Type Select' 

2018-11-21 10:25:50 - [MESSAGE][PASSED] - All options with value 'visa' are selected in object 'Object Repository/LL -Place Order Page/Payment Type Select' 

2018-11-21 10:25:50 - [TEST_STEP][PASSED] - setText: Text '5555555555555555' is set on object 'Object Repository/LL -Place Order Page/Credit Card Number Input'

2018-11-21 10:25:51 - [MESSAGE][PASSED] - Text '5555555555555555' is set on object 'Object Repository/LL -Place Order Page/Credit Card Number Input'

2018-11-21 10:25:51 - [TEST_STEP][PASSED] - selectOptionByValue: All options with value '01' are selected in object 'Object Repository/LL -Place Order Page/Expiration Date-Month Select' 

2018-11-21 10:25:51 - [MESSAGE][PASSED] - All options with value '01' are selected in object 'Object Repository/LL -Place Order Page/Expiration Date-Month Select' 

2018-11-21 10:25:51 - [TEST_STEP][PASSED] - selectOptionByValue: All options with value '30' are selected in object 'Object Repository/LL -Place Order Page/Expiration Date-Year Select' 

2018-11-21 10:25:51 - [MESSAGE][PASSED] - All options with value '30' are selected in object 'Object Repository/LL -Place Order Page/Expiration Date-Year Select' 

2018-11-21 10:25:51 - [TEST_STEP][PASSED] - setText: Text '1234' is set on object 'Object Repository/LL -Place Order Page/Security Code Input'

2018-11-21 10:25:51 - [MESSAGE][PASSED] - Text '1234' is set on object 'Object Repository/LL -Place Order Page/Security Code Input'

2018-11-21 10:25:51 - [TEST_STEP][PASSED] - click: Object: 'Object Repository/LL -Place Order Page/Process Order Button' is clicked on

2018-11-21 10:25:53 - [MESSAGE][PASSED] - Object: 'Object Repository/LL -Place Order Page/Process Order Button' is clicked on

2018-11-21 10:25:53 - [TEST_STEP][PASSED] - verifyTextPresent: Text 'Place Order 'SUCCESS'' is present on page 

2018-11-21 10:25:54 - [MESSAGE][PASSED] - Text 'Place Order 'SUCCESS'' is present on page 

2018-11-21 10:25:54 - [TEST_STEP][PASSED] - click: Object: 'Object Repository/LL -Place Order Page/Order ID Link' is clicked on

2018-11-21 10:25:55 - [MESSAGE][PASSED] - Object: 'Object Repository/LL -Place Order Page/Order ID Link' is clicked on

2018-11-21 10:25:55 - [TEST_STEP][PASSED] - waitForPageLoad: Wait for page load successfully

2018-11-21 10:25:55 - [MESSAGE][PASSED] - Wait for page load successfully

2018-11-21 10:25:55 - [TEST_STEP][PASSED] - verifyTextPresent: Text 'matt@7.4Test.com' is present on page 

2018-11-21 10:25:56 - [MESSAGE][PASSED] - Text 'matt@7.4Test.com' is present on page 

2018-11-21 10:25:56 - [TEST_STEP][PASSED] - verifyTextPresent: Text 'By Lime Light CRM API - Product 207 was purchased using offer 396, billing model 240. ' is present on page 

2018-11-21 10:25:56 - [MESSAGE][PASSED] - Text 'By Lime Light CRM API - Product 207 was purchased using offer 396, billing model 240. ' is present on page]]></system-out>
         <system-err><![CDATA[]]></system-err>
      </testcase>
      <testcase name="Test Cases/Offer ID 396 - Regression-StandardCustomRecurring" classname="Test Cases/Offer ID 396 - Regression-StandardCustomRecurring" status="PASSED">
         <system-out><![CDATA[2018-11-21 10:25:56 - [TEST_CASE][PASSED] - Test Cases/Offer ID 396 - Regression-StandardCustomRecurring: Test Cases/Offer ID 396 - Regression-StandardCustomRecurring

2018-11-21 10:25:56 - [TEST_STEP][PASSED] - openBrowser: Browser is opened with url: 'https://test-dnvb.qa1.limelightcrm.com/admin/login.php?'

2018-11-21 10:25:56 - [MESSAGE][WARNING] - A browser is already opened. Closing browser and opening a new one

2018-11-21 10:26:01 - [MESSAGE][PASSED] - Browser is opened with url: 'https://test-dnvb.qa1.limelightcrm.com/admin/login.php?'

2018-11-21 10:26:01 - [TEST_STEP][PASSED] - setText: Text 'mattauto' is set on object 'Object Repository/LL - Log In/Username Field'

2018-11-21 10:26:01 - [MESSAGE][PASSED] - Text 'mattauto' is set on object 'Object Repository/LL - Log In/Username Field'

2018-11-21 10:26:01 - [TEST_STEP][PASSED] - setText: Text 'Testing123!' is set on object 'Object Repository/LL - Log In/Password Field'

2018-11-21 10:26:01 - [MESSAGE][PASSED] - Text 'Testing123!' is set on object 'Object Repository/LL - Log In/Password Field'

2018-11-21 10:26:01 - [TEST_STEP][PASSED] - click: Object: 'Object Repository/LL - Log In/Log In Button' is clicked on

2018-11-21 10:26:05 - [MESSAGE][PASSED] - Object: 'Object Repository/LL - Log In/Log In Button' is clicked on

2018-11-21 10:26:05 - [TEST_STEP][PASSED] - waitForElementVisible: Object 'Object Repository/LL - Dashboard/Dashboard Header' is visible

2018-11-21 10:26:05 - [MESSAGE][WARNING] - Timeout '0' is invalid. Using default page load timeout: '30'

2018-11-21 10:26:05 - [MESSAGE][PASSED] - Object 'Object Repository/LL - Dashboard/Dashboard Header' is visible

2018-11-21 10:26:05 - [TEST_STEP][PASSED] - navigateToUrl: Navigate to 'https://test-dnvb.qa1.limelightcrm.com/admin/placeorder.php' successfully

2018-11-21 10:26:07 - [MESSAGE][PASSED] - Navigate to 'https://test-dnvb.qa1.limelightcrm.com/admin/placeorder.php' successfully

2018-11-21 10:26:07 - [TEST_STEP][PASSED] - selectOptionByValue: All options with value '137' are selected in object 'Object Repository/LL -Place Order Page/Campaign Select' 

2018-11-21 10:26:08 - [MESSAGE][PASSED] - All options with value '137' are selected in object 'Object Repository/LL -Place Order Page/Campaign Select' 

2018-11-21 10:26:08 - [TEST_STEP][PASSED] - selectOptionByValue: All options with value '396' are selected in object 'Object Repository/LL -Place Order Page/Offer Select' 

2018-11-21 10:26:08 - [MESSAGE][PASSED] - All options with value '396' are selected in object 'Object Repository/LL -Place Order Page/Offer Select' 

2018-11-21 10:26:08 - [TEST_STEP][PASSED] - delay: Delayed 3 second(s)

2018-11-21 10:26:11 - [MESSAGE][PASSED] - Delayed 3 second(s)

2018-11-21 10:26:11 - [TEST_STEP][PASSED] - waitForElementVisible: Object 'Object Repository/LL -Place Order Page/Trial Checkbox' is visible

2018-11-21 10:26:11 - [MESSAGE][PASSED] - Object 'Object Repository/LL -Place Order Page/Trial Checkbox' is visible

2018-11-21 10:26:11 - [TEST_STEP][PASSED] - click: Object: 'Object Repository/LL -Place Order Page/Trial Checkbox' is clicked on

2018-11-21 10:26:12 - [MESSAGE][PASSED] - Object: 'Object Repository/LL -Place Order Page/Trial Checkbox' is clicked on

2018-11-21 10:26:12 - [TEST_STEP][PASSED] - selectOptionByValue: All options with value '240' are selected in object 'Object Repository/LL -Place Order Page/Billing Model Select' 

2018-11-21 10:26:12 - [MESSAGE][PASSED] - All options with value '240' are selected in object 'Object Repository/LL -Place Order Page/Billing Model Select' 

2018-11-21 10:26:12 - [TEST_STEP][PASSED] - selectOptionByValue: All options with value '207' are selected in object 'Object Repository/LL -Place Order Page/Main Product Select' 

2018-11-21 10:26:12 - [MESSAGE][PASSED] - All options with value '207' are selected in object 'Object Repository/LL -Place Order Page/Main Product Select' 

2018-11-21 10:26:12 - [TEST_STEP][PASSED] - setText: Text '123456789' is set on object 'Object Repository/LL -Place Order Page/Step Number Input'

2018-11-21 10:26:13 - [MESSAGE][PASSED] - Text '123456789' is set on object 'Object Repository/LL -Place Order Page/Step Number Input'

2018-11-21 10:26:13 - [TEST_STEP][PASSED] - selectOptionByValue: All options with value '2' are selected in object 'Object Repository/LL -Place Order Page/Shipping Method Select' 

2018-11-21 10:26:13 - [MESSAGE][PASSED] - All options with value '2' are selected in object 'Object Repository/LL -Place Order Page/Shipping Method Select' 

2018-11-21 10:26:13 - [TEST_STEP][PASSED] - setText: Text 'Matt' is set on object 'Object Repository/LL -Place Order Page/Shipping First Name Input'

2018-11-21 10:26:13 - [MESSAGE][PASSED] - Text 'Matt' is set on object 'Object Repository/LL -Place Order Page/Shipping First Name Input'

2018-11-21 10:26:13 - [TEST_STEP][PASSED] - setText: Text '7.4-Test' is set on object 'Object Repository/LL -Place Order Page/Shipping Last Name Input'

2018-11-21 10:26:14 - [MESSAGE][PASSED] - Text '7.4-Test' is set on object 'Object Repository/LL -Place Order Page/Shipping Last Name Input'

2018-11-21 10:26:14 - [TEST_STEP][PASSED] - setText: Text '123 Street' is set on object 'Object Repository/LL -Place Order Page/Shipping Address Input'

2018-11-21 10:26:14 - [MESSAGE][PASSED] - Text '123 Street' is set on object 'Object Repository/LL -Place Order Page/Shipping Address Input'

2018-11-21 10:26:14 - [TEST_STEP][PASSED] - setText: Text 'APT 123' is set on object 'Object Repository/LL -Place Order Page/Shipping Address 2 Input'

2018-11-21 10:26:14 - [MESSAGE][PASSED] - Text 'APT 123' is set on object 'Object Repository/LL -Place Order Page/Shipping Address 2 Input'

2018-11-21 10:26:14 - [TEST_STEP][PASSED] - setText: Text 'Tampa' is set on object 'Object Repository/LL -Place Order Page/Shipping City Input'

2018-11-21 10:26:15 - [MESSAGE][PASSED] - Text 'Tampa' is set on object 'Object Repository/LL -Place Order Page/Shipping City Input'

2018-11-21 10:26:15 - [TEST_STEP][PASSED] - setText: Text '12345' is set on object 'Object Repository/LL -Place Order Page/Shipping Zip Code Input'

2018-11-21 10:26:15 - [MESSAGE][PASSED] - Text '12345' is set on object 'Object Repository/LL -Place Order Page/Shipping Zip Code Input'

2018-11-21 10:26:15 - [TEST_STEP][PASSED] - selectOptionByValue: All options with value '223' are selected in object 'Object Repository/LL -Place Order Page/Shipping Country Select' 

2018-11-21 10:26:15 - [MESSAGE][PASSED] - All options with value '223' are selected in object 'Object Repository/LL -Place Order Page/Shipping Country Select' 

2018-11-21 10:26:15 - [TEST_STEP][PASSED] - selectOptionByValue: All options with value 'FL' are selected in object 'Object Repository/LL -Place Order Page/Shipping State Select' 

2018-11-21 10:26:16 - [MESSAGE][PASSED] - All options with value 'FL' are selected in object 'Object Repository/LL -Place Order Page/Shipping State Select' 

2018-11-21 10:26:16 - [TEST_STEP][PASSED] - setText: Text '555-555-5555' is set on object 'Object Repository/LL -Place Order Page/Phone Input'

2018-11-21 10:26:16 - [MESSAGE][PASSED] - Text '555-555-5555' is set on object 'Object Repository/LL -Place Order Page/Phone Input'

2018-11-21 10:26:16 - [TEST_STEP][PASSED] - setText: Text 'matt@7.4Test.com' is set on object 'Object Repository/LL -Place Order Page/Email Input'

2018-11-21 10:26:17 - [MESSAGE][PASSED] - Text 'matt@7.4Test.com' is set on object 'Object Repository/LL -Place Order Page/Email Input'

2018-11-21 10:26:17 - [TEST_STEP][PASSED] - click: Object: 'Object Repository/LL -Place Order Page/Affiliate-Sub-Affiliate Checkbox' is clicked on

2018-11-21 10:26:17 - [MESSAGE][PASSED] - Object: 'Object Repository/LL -Place Order Page/Affiliate-Sub-Affiliate Checkbox' is clicked on

2018-11-21 10:26:17 - [TEST_STEP][PASSED] - setText: Text 'AFID' is set on object 'Object Repository/LL -Place Order Page/AFID Input'

2018-11-21 10:26:17 - [MESSAGE][PASSED] - Text 'AFID' is set on object 'Object Repository/LL -Place Order Page/AFID Input'

2018-11-21 10:26:17 - [TEST_STEP][PASSED] - setText: Text 'SID' is set on object 'Object Repository/LL -Place Order Page/SID Input'

2018-11-21 10:26:18 - [MESSAGE][PASSED] - Text 'SID' is set on object 'Object Repository/LL -Place Order Page/SID Input'

2018-11-21 10:26:18 - [TEST_STEP][PASSED] - selectOptionByValue: All options with value 'visa' are selected in object 'Object Repository/LL -Place Order Page/Payment Type Select' 

2018-11-21 10:26:18 - [MESSAGE][PASSED] - All options with value 'visa' are selected in object 'Object Repository/LL -Place Order Page/Payment Type Select' 

2018-11-21 10:26:18 - [TEST_STEP][PASSED] - setText: Text '5555555555555555' is set on object 'Object Repository/LL -Place Order Page/Credit Card Number Input'

2018-11-21 10:26:18 - [MESSAGE][PASSED] - Text '5555555555555555' is set on object 'Object Repository/LL -Place Order Page/Credit Card Number Input'

2018-11-21 10:26:18 - [TEST_STEP][PASSED] - selectOptionByValue: All options with value '01' are selected in object 'Object Repository/LL -Place Order Page/Expiration Date-Month Select' 

2018-11-21 10:26:18 - [MESSAGE][PASSED] - All options with value '01' are selected in object 'Object Repository/LL -Place Order Page/Expiration Date-Month Select' 

2018-11-21 10:26:18 - [TEST_STEP][PASSED] - selectOptionByValue: All options with value '30' are selected in object 'Object Repository/LL -Place Order Page/Expiration Date-Year Select' 

2018-11-21 10:26:19 - [MESSAGE][PASSED] - All options with value '30' are selected in object 'Object Repository/LL -Place Order Page/Expiration Date-Year Select' 

2018-11-21 10:26:19 - [TEST_STEP][PASSED] - setText: Text '1234' is set on object 'Object Repository/LL -Place Order Page/Security Code Input'

2018-11-21 10:26:19 - [MESSAGE][PASSED] - Text '1234' is set on object 'Object Repository/LL -Place Order Page/Security Code Input'

2018-11-21 10:26:19 - [TEST_STEP][PASSED] - click: Object: 'Object Repository/LL -Place Order Page/Process Order Button' is clicked on

2018-11-21 10:26:21 - [MESSAGE][PASSED] - Object: 'Object Repository/LL -Place Order Page/Process Order Button' is clicked on

2018-11-21 10:26:21 - [TEST_STEP][PASSED] - verifyTextPresent: Text 'Place Order 'SUCCESS'' is present on page 

2018-11-21 10:26:21 - [MESSAGE][PASSED] - Text 'Place Order 'SUCCESS'' is present on page 

2018-11-21 10:26:21 - [TEST_STEP][PASSED] - click: Object: 'Object Repository/LL -Place Order Page/Order ID Link' is clicked on

2018-11-21 10:26:22 - [MESSAGE][PASSED] - Object: 'Object Repository/LL -Place Order Page/Order ID Link' is clicked on

2018-11-21 10:26:22 - [TEST_STEP][PASSED] - waitForPageLoad: Wait for page load successfully

2018-11-21 10:26:22 - [MESSAGE][PASSED] - Wait for page load successfully

2018-11-21 10:26:22 - [TEST_STEP][PASSED] - verifyTextPresent: Text 'matt@7.4Test.com' is present on page 

2018-11-21 10:26:23 - [MESSAGE][PASSED] - Text 'matt@7.4Test.com' is present on page 

2018-11-21 10:26:23 - [TEST_STEP][PASSED] - verifyTextPresent: Text 'By Lime Light CRM API - Product 207 was purchased using offer 396, billing model 240. ' is present on page 

2018-11-21 10:26:23 - [MESSAGE][PASSED] - Text 'By Lime Light CRM API - Product 207 was purchased using offer 396, billing model 240. ' is present on page]]></system-out>
         <system-err><![CDATA[]]></system-err>
      </testcase>
      <system-out><![CDATA[2018-11-21 10:23:29 - [TEST_SUITE][PASSED] - Offer Tests: Test Cases/Offer ID 396 - Regression-StandardCustomRecurring]]></system-out>
      <system-err><![CDATA[]]></system-err>
   </testsuite>
</testsuites>
